<?xml version="1.0" encoding="UTF-8"?>
<!-- Generated by org.testng.reporters.JUnitReportReporter -->
<testsuite hostname="DESKTOP-PSK9T3U" failures="0" tests="1" name="Runner.NewExcelTestRunner" time="662.980" errors="0" timestamp="2023-07-21T12:45:45 IST" skipped="0">
  <testcase classname="Runner.NewExcelTestRunner" name="test" time="662.980"/>
  <system-out/>
</testsuite> <!-- Runner.NewExcelTestRunner -->
