<?xml version="1.0" encoding="UTF-8"?>
<!-- Generated by org.testng.reporters.JUnitReportReporter -->
<testsuite hostname="DESKTOP-PSK9T3H" failures="0" tests="1" name="runner.TestApplication" time="169.285" errors="0" timestamp="2024-03-07T16:20:48 IST" skipped="0">
  <testcase classname="runner.TestApplication" name="runScenario" time="169.285"/>
</testsuite> <!-- runner.TestApplication -->
