<?xml version="1.0" encoding="UTF-8"?>
<!-- Generated by org.testng.reporters.JUnitReportReporter -->
<testsuite hostname="DESKTOP-PSK9T3B" failures="0" tests="1" name="Runner.TestApplication" time="92.128" errors="0" timestamp="2023-09-07T16:54:37 IST" skipped="0">
  <testcase classname="Runner.TestApplication" name="runScenario" time="92.128"/>
  <system-out/>
</testsuite> <!-- Runner.TestApplication -->
