<?xml version="1.0" encoding="UTF-8"?>
<!-- Generated by org.testng.reporters.JUnitReportReporter -->
<testsuite hostname="AWS-PVDI-45" failures="0" tests="1" name="Runner.TestApplication" time="26.129" errors="1" timestamp="2024-02-23T10:50:13 IST" skipped="0">
  <testcase classname="Runner.TestApplication" name="runScenario" time="26.129">
    <error message="Cannot invoke &quot;java.util.HashMap.entrySet()&quot; because &quot;this.testData&quot; is null" type="java.lang.NullPointerException">
      <![CDATA[java.lang.NullPointerException: Cannot invoke "java.util.HashMap.entrySet()" because "this.testData" is null
at dataProvider.DataFromGoogleSheet.<init>(DataFromGoogleSheet.java:106)
at dataProvider.DataReader.<init>(DataReader.java:17)
at resources.BaseClass.initializeDriver(BaseClass.java:21)
at stepdefinitions.HooksClass.browserSetup(HooksClass.java:42)
]]>
    </error>
  </testcase> <!-- runScenario -->
</testsuite> <!-- Runner.TestApplication -->
