<?xml version="1.0" encoding="UTF-8"?>
<!-- Generated by org.testng.reporters.JUnitReportReporter -->
<testsuite hostname="AWS-PVDI-45" failures="1" tests="1" name="Runner.TestApplication" time="102.298" errors="0" timestamp="2023-12-04T12:46:58 IST" skipped="0">
  <testcase classname="Runner.TestApplication" name="runScenario" time="102.298">
    <failure message="Cannot invoke &quot;String.contains(java.lang.CharSequence)&quot; because &quot;UtilizedPOSLimit&quot; is null" type="java.lang.AssertionError">
      <![CDATA[java.lang.AssertionError: Cannot invoke "String.contains(java.lang.CharSequence)" because "UtilizedPOSLimit" is null
at org.testng.Assert.fail(Assert.java:111)
at stepdefinitions.DebitCardRequest.user_check_the_utilized_pos_limit_field_is_in_read_only_mode_pos_limit_update(DebitCardRequest.java:427)
at âœ½.User_626 Check the Utilized POS Limit Field is in read only Mode POS Limit Update(file:///C:/Users/inindc00626/git/DigitalBanking/Azentio_DigitalBanking_Kailash/src/test/java/features/DebitCardRequest.feature:120)
]]>
    </failure>
  </testcase> <!-- runScenario -->
</testsuite> <!-- Runner.TestApplication -->
