<?xml version="1.0" encoding="UTF-8"?>
<!-- Generated by org.testng.reporters.JUnitReportReporter -->
<testsuite hostname="AWS-PVDI-45" failures="0" tests="4" name="Runner.TestApplication" time="379.748" errors="0" timestamp="2023-12-01T17:54:09 IST" skipped="0">
  <testcase classname="Runner.TestApplication" name="runScenario" time="113.455"/>
  <testcase classname="Runner.TestApplication" name="runScenario" time="94.288"/>
  <testcase classname="Runner.TestApplication" name="runScenario" time="93.193"/>
  <testcase classname="Runner.TestApplication" name="runScenario" time="78.812"/>
</testsuite> <!-- Runner.TestApplication -->
