<?xml version="1.0" encoding="UTF-8"?>
<!-- Generated by org.testng.reporters.JUnitReportReporter -->
<testsuite hostname="AWS-PVDI-45" failures="0" tests="2" name="Runner.TestApplication" time="225.038" errors="0" timestamp="2024-01-09T11:51:35 IST" skipped="0">
  <testcase classname="Runner.TestApplication" name="runScenario" time="84.254"/>
  <testcase classname="Runner.TestApplication" name="runScenario" time="140.784"/>
</testsuite> <!-- Runner.TestApplication -->
