<?xml version="1.0" encoding="UTF-8"?>
<!-- Generated by org.testng.reporters.JUnitReportReporter -->
<testsuite hostname="AWS-PVDI-45" failures="0" tests="1" name="Runner.TestApplication" time="148.708" errors="0" timestamp="2023-12-20T12:29:12 IST" skipped="0">
  <testcase classname="Runner.TestApplication" name="runScenario" time="148.708"/>
</testsuite> <!-- Runner.TestApplication -->
