<?xml version="1.0" encoding="UTF-8"?>
<!-- Generated by org.testng.reporters.JUnitReportReporter -->
<testsuite hostname="AWS-PVDI-45" failures="0" tests="1" name="Runner.TestApplication" time="90.791" errors="1" timestamp="2024-01-17T10:12:18 IST" skipped="0">
  <testcase classname="Runner.TestApplication" name="runScenario" time="90.791">
    <error message="Cannot invoke &quot;java.util.HashMap.get(Object)&quot; because &quot;this.testData&quot; is null" type="java.lang.NullPointerException">
      <![CDATA[java.lang.NullPointerException: Cannot invoke "java.util.HashMap.get(Object)" because "this.testData" is null
at stepdefinitions.DebitCardDetails.user_626_select_the_option_below_the_block_card_screen(DebitCardDetails.java:1073)
at âœ½.User_626 Select the option below the block card Screen(file:///C:/Users/inindc00626/git/DigitalBanking/Azentio_DigitalBanking_Kailash/src/test/java/features/Cards.feature:82)
]]>
    </error>
  </testcase> <!-- runScenario -->
</testsuite> <!-- Runner.TestApplication -->
