<?xml version="1.0" encoding="UTF-8"?>
<!-- Generated by org.testng.reporters.JUnitReportReporter -->
<testsuite hostname="AWS-PVDI-45" failures="0" tests="1" name="Runner.TestApplication" time="118.831" errors="0" timestamp="2023-12-19T17:29:36 IST" skipped="0">
  <testcase classname="Runner.TestApplication" name="runScenario" time="118.831"/>
</testsuite> <!-- Runner.TestApplication -->
