<?xml version="1.0" encoding="UTF-8"?>
<!-- Generated by org.testng.reporters.JUnitReportReporter -->
<testsuite hostname="AWS-PVDI-45" failures="0" tests="1" name="Runner.TestApplication" time="167.080" errors="0" timestamp="2024-01-08T17:08:30 IST" skipped="0">
  <testcase classname="Runner.TestApplication" name="runScenario" time="167.080"/>
</testsuite> <!-- Runner.TestApplication -->
