<?xml version="1.0" encoding="UTF-8"?>
<!-- Generated by org.testng.reporters.JUnitReportReporter -->
<testsuite hostname="AWS-PVDI-45" failures="0" tests="1" name="Runner.TestApplication" time="83.654" errors="0" timestamp="2023-12-27T15:44:10 IST" skipped="0">
  <testcase classname="Runner.TestApplication" name="runScenario" time="83.654"/>
</testsuite> <!-- Runner.TestApplication -->
