<?xml version="1.0" encoding="UTF-8"?>
<!-- Generated by org.testng.reporters.JUnitReportReporter -->
<testsuite hostname="AWS-PVDI-45" failures="0" tests="1" name="Runner.TestApplication" time="75.486" errors="1" timestamp="2024-01-31T14:19:57 IST" skipped="0">
  <testcase classname="Runner.TestApplication" name="runScenario" time="75.486">
    <error message="TODO: implement me" type="io.cucumber.java.PendingException">
      <![CDATA[io.cucumber.java.PendingException: TODO: implement me
at stepdefinitions.Transfers.user_select_the_from_account_for_scheduled_own_account_transfer(Transfers.java:113)
at âœ½.User_626 select the from account for Scheduled own Account Transfer(file:///C:/Users/inindc00626/git/DigitalBanking/Azentio_DigitalBanking_Kailash/src/test/java/features/ScheduledTransfers.feature:26)
]]>
    </error>
  </testcase> <!-- runScenario -->
</testsuite> <!-- Runner.TestApplication -->
