<?xml version="1.0" encoding="UTF-8"?>
<!-- Generated by org.testng.reporters.JUnitReportReporter -->
<testsuite hostname="AWS-PVDI-45" failures="0" tests="1" name="Runner.TestApplication" time="104.372" errors="0" timestamp="2023-12-07T10:08:15 IST" skipped="0">
  <testcase classname="Runner.TestApplication" name="runScenario" time="104.372"/>
</testsuite> <!-- Runner.TestApplication -->
