<?xml version="1.0" encoding="UTF-8"?>
<!-- Generated by org.testng.reporters.JUnitReportReporter -->
<testsuite hostname="DESKTOP-PSK9T3Z" failures="0" tests="1" name="Runner.TestApplication" time="47.633" errors="0" timestamp="2023-08-23T15:16:45 IST" skipped="0">
  <testcase classname="Runner.TestApplication" name="runScenario" time="47.633"/>
</testsuite> <!-- Runner.TestApplication -->
