<?xml version="1.0" encoding="UTF-8"?>
<!-- Generated by org.testng.reporters.JUnitReportReporter -->
<testsuite hostname="AWS-PVDI-45" failures="0" tests="1" name="Runner.TestApplication" time="209.929" errors="0" timestamp="2024-01-05T15:03:05 IST" skipped="0">
  <testcase classname="Runner.TestApplication" name="runScenario" time="209.929"/>
</testsuite> <!-- Runner.TestApplication -->
