<?xml version="1.0" encoding="UTF-8"?>
<!-- Generated by org.testng.reporters.JUnitReportReporter -->
<testsuite hostname="AWS-PVDI-45" failures="0" tests="1" name="Runner.TestApplication" time="185.779" errors="0" timestamp="2024-02-15T14:07:06 IST" skipped="0">
  <testcase classname="Runner.TestApplication" name="runScenario" time="185.779"/>
</testsuite> <!-- Runner.TestApplication -->
