<?xml version="1.0" encoding="UTF-8"?>
<!-- Generated by org.testng.reporters.JUnitReportReporter -->
<testsuite hostname="AWS-PVDI-45" failures="0" tests="1" name="Runner.TestApplication" time="91.740" errors="0" timestamp="2023-12-04T18:41:37 IST" skipped="0">
  <testcase classname="Runner.TestApplication" name="runScenario" time="91.740"/>
</testsuite> <!-- Runner.TestApplication -->
