<?xml version="1.0" encoding="UTF-8"?>
<!-- Generated by org.testng.reporters.JUnitReportReporter -->
<testsuite hostname="AWS-PVDI-45" failures="0" tests="1" name="Runner.TestApplication" time="711.509" errors="0" timestamp="2024-02-29T10:54:11 IST" skipped="0">
  <testcase classname="Runner.TestApplication" name="runScenario" time="711.509"/>
</testsuite> <!-- Runner.TestApplication -->
