<?xml version="1.0" encoding="UTF-8"?>
<!-- Generated by org.testng.reporters.JUnitReportReporter -->
<testsuite hostname="PSK9T3U-DESKTOP" failures="0" tests="1" name="Runner.TestApplication" time="148.012" errors="0" timestamp="2023-08-22T17:33:08 IST" skipped="0">
  <testcase classname="Runner.TestApplication" name="runScenario" time="148.012"/>
  <system-out/>
</testsuite> <!-- Runner.TestApplication -->
