<?xml version="1.0" encoding="UTF-8"?>
<!-- Generated by org.testng.reporters.JUnitReportReporter -->
<testsuite hostname="DESKTOP-PSK9T3G" failures="0" tests="1" name="Runner.TestApplication" time="305.294" errors="0" timestamp="2023-08-25T18:44:44 IST" skipped="0">
  <testcase classname="Runner.TestApplication" name="runScenario" time="305.294"/>
  <system-out/>
</testsuite> <!-- Runner.TestApplication -->
