<?xml version="1.0" encoding="UTF-8"?>
<!-- Generated by org.testng.reporters.JUnitReportReporter -->
<testsuite hostname="DESKTOP-PSK9T3G" failures="0" tests="1" name="Runner.TestApplication" time="44.828" errors="0" timestamp="2023-08-07T15:22:19 IST" skipped="0">
  <testcase classname="Runner.TestApplication" name="runScenario" time="44.828"/>
  <system-out/>
</testsuite> <!-- Runner.TestApplication -->
