<?xml version="1.0" encoding="UTF-8"?>
<!-- Generated by org.testng.reporters.JUnitReportReporter -->
<testsuite hostname="DESKTOP-PSK9T3X" failures="0" tests="1" name="runner.TestApplication" time="287.249" errors="0" timestamp="2024-02-02T13:15:20 IST" skipped="0">
  <testcase classname="runner.TestApplication" name="runScenario" time="287.249"/>
  <system-out/>
</testsuite> <!-- runner.TestApplication -->
